<?xml version="1.0" encoding="UTF-8"?>
<Site BuildName="Linux-g++"
	BuildStamp="20231120-0950-Experimental"
	Name="xd"
	Generator="ctest-3.22.1"
	CompilerName="/usr/bin/g++"
	CompilerVersion="11.4.0"
	OSName="Linux"
	Hostname="xd"
	OSRelease="6.2.0-36-generic"
	OSVersion="#37~22.04.1-Ubuntu SMP PREEMPT_DYNAMIC Mon Oct  9 15:34:04 UTC 2"
	OSPlatform="x86_64"
	Is64Bits="1"
	VendorString="GenuineIntel"
	VendorID="Intel Corporation"
	FamilyID="6"
	ModelID="140"
	ProcessorCacheSize="8192"
	NumberOfLogicalCPU="8"
	NumberOfPhysicalCPU="4"
	TotalVirtualMemory="0"
	TotalPhysicalMemory="15726"
	LogicalProcessorsPerPhysical="2"
	ProcessorClockFrequency="4278.91"
	>
	<Testing>
		<StartDateTime>Nov 20 10:50 CET</StartDateTime>
		<StartTestTime>1700473858</StartTestTime>
		<TestList/>
		<EndDateTime>Nov 20 10:50 CET</EndDateTime>
		<EndTestTime>1700473858</EndTestTime>
		<ElapsedMinutes>0</ElapsedMinutes>
	</Testing>
</Site>
